d:\workspace_cpp\clickbotwin32dll\clickbotwin32dll\x64\release\vc140.pdb
d:\workspace_cpp\clickbotwin32dll\clickbotwin32dll\x64\release\timeclickersbot.obj
d:\workspace_cpp\clickbotwin32dll\clickbotwin32dll\x64\release\clickbotwin32dll.obj
d:\workspace_cpp\clickbotwin32dll\clickbotwin32dll\x64\release\clickbotwin32dll.pch
d:\workspace_cpp\clickbotwin32dll\clickbotwin32dll\x64\release\stdafx.obj
d:\workspace_cpp\clickbotwin32dll\clickbotwin32dll\x64\release\memoryreader.obj
d:\workspace_cpp\clickbotwin32dll\clickbotwin32dll\x64\release\dllmain.obj
d:\workspace_cpp\clickbotwin32dll\x64\release\clickbotwin32dll.lib
d:\workspace_cpp\clickbotwin32dll\x64\release\clickbotwin32dll.exp
d:\workspace_cpp\clickbotwin32dll\x64\release\clickbotwin32dll.dll
d:\workspace_cpp\clickbotwin32dll\x64\release\clickbotwin32dll.ipdb
d:\workspace_cpp\clickbotwin32dll\x64\release\clickbotwin32dll.iobj
d:\workspace_cpp\clickbotwin32dll\x64\release\clickbotwin32dll.pdb
d:\workspace_cpp\clickbotwin32dll\clickbotwin32dll\x64\release\clickbotwin32dll.tlog\cl.command.1.tlog
d:\workspace_cpp\clickbotwin32dll\clickbotwin32dll\x64\release\clickbotwin32dll.tlog\cl.read.1.tlog
d:\workspace_cpp\clickbotwin32dll\clickbotwin32dll\x64\release\clickbotwin32dll.tlog\cl.write.1.tlog
d:\workspace_cpp\clickbotwin32dll\clickbotwin32dll\x64\release\clickbotwin32dll.tlog\clickbotwin32dll.write.1u.tlog
d:\workspace_cpp\clickbotwin32dll\clickbotwin32dll\x64\release\clickbotwin32dll.tlog\link.command.1.tlog
d:\workspace_cpp\clickbotwin32dll\clickbotwin32dll\x64\release\clickbotwin32dll.tlog\link.read.1.tlog
d:\workspace_cpp\clickbotwin32dll\clickbotwin32dll\x64\release\clickbotwin32dll.tlog\link.write.1.tlog
